Build started 4/14/2014 9:10:36 PM.
     1>Project "H:\PortableApps\Documents\Git\LuaEngine\LuaEngine.vcxproj" on node 2 (Rebuild target(s)).
     1>_PrepareForClean:
         Deleting file "Release\LuaEngine.lastbuildstate".
       InitializeBuildStatus:
         Touching "Release\LuaEngine.unsuccessfulbuild".
       ClCompile:
         C:\Program Files (x86)\Microsoft Visual Studio 11.0\VC\bin\CL.exe /c /ILua\include /Zi /nologo /W3 /WX- /O2 /Oi /Oy- /GL /D WIN32 /D NDEBUG /D _CONSOLE /D _UNICODE /D UNICODE /Gm- /EHsc /MD /GS /Gy /fp:precise /Zc:wchar_t /Zc:forScope /Fo"Release\\" /Fd"Release\vc110.pdb" /Gd /TP /analyze- /errorReport:prompt src\LuaScript.cpp src\Main.cpp src\ScriptManager.cpp
         LuaScript.cpp
     1>h:\portableapps\documents\git\luaengine\src\LuaScript.h(160): warning C4800: 'int' : forcing value to bool 'true' or 'false' (performance warning)
     1>src\LuaScript.cpp(384): warning C4800: 'int' : forcing value to bool 'true' or 'false' (performance warning)
         Main.cpp
     1>h:\portableapps\documents\git\luaengine\src\LuaScript.h(160): warning C4800: 'int' : forcing value to bool 'true' or 'false' (performance warning)
     1>src\Main.cpp(79): error C2143: syntax error : missing ';' before '<<'
     1>src\Main.cpp(82): error C2143: syntax error : missing ';' before ')'
     1>src\Main.cpp(83): error C2143: syntax error : missing ';' before '{'
     1>src\Main.cpp(85): error C2440: '<function-style-cast>' : cannot convert from 'void' to 'std::thread'
                 Expressions of type void cannot be converted to other types
     1>src\Main.cpp(92): error C2143: syntax error : missing ';' before '=='
     1>src\Main.cpp(94): error C2143: syntax error : missing ';' before '{'
     1>src\Main.cpp(109): error C2143: syntax error : missing ';' before '>>'
         ScriptManager.cpp
     1>h:\portableapps\documents\git\luaengine\src\LuaScript.h(160): warning C4800: 'int' : forcing value to bool 'true' or 'false' (performance warning)
     1>src\ScriptManager.cpp(50): warning C4018: '<' : signed/unsigned mismatch
     1>src\ScriptManager.cpp(76): warning C4996: 'mbstowcs': This function or variable may be unsafe. Consider using mbstowcs_s instead. To disable deprecation, use _CRT_SECURE_NO_WARNINGS. See online help for details.
                 C:\Program Files (x86)\Microsoft Visual Studio 11.0\VC\include\stdlib.h(515) : see declaration of 'mbstowcs'
     1>Done Building Project "H:\PortableApps\Documents\Git\LuaEngine\LuaEngine.vcxproj" (Rebuild target(s)) -- FAILED.

Build FAILED.

Time Elapsed 00:00:12.68
