H:\PORTABLEAPPS\DOCUMENTS\GIT\LUAENGINE\RELEASE\SCRIPTMANAGER.OBJ
H:\PORTABLEAPPS\DOCUMENTS\GIT\LUAENGINE\RELEASE\MAIN.OBJ
H:\PORTABLEAPPS\DOCUMENTS\GIT\LUAENGINE\RELEASE\LUASCRIPT.OBJ
H:\PORTABLEAPPS\DOCUMENTS\GIT\LUAENGINE\RELEASE\VC110.PDB
H:\PORTABLEAPPS\DOCUMENTS\GIT\LUAENGINE\RELEASE\LUAENGINE.EXE
H:\PORTABLEAPPS\DOCUMENTS\GIT\LUAENGINE\RELEASE\LUAENGINE.PDB
H:\PortableApps\Documents\Git\LuaEngine\Release\LuaScript.obj
H:\PortableApps\Documents\Git\LuaEngine\Release\Main.obj
H:\PortableApps\Documents\Git\LuaEngine\Release\ScriptManager.obj
H:\PortableApps\Documents\Git\LuaEngine\Release\cl.command.1.tlog
H:\PortableApps\Documents\Git\LuaEngine\Release\CL.read.1.tlog
H:\PortableApps\Documents\Git\LuaEngine\Release\CL.write.1.tlog
H:\PortableApps\Documents\Git\LuaEngine\Release\link-cvtres.read.1.tlog
H:\PortableApps\Documents\Git\LuaEngine\Release\link-cvtres.write.1.tlog
H:\PortableApps\Documents\Git\LuaEngine\Release\link-rc.read.1.tlog
H:\PortableApps\Documents\Git\LuaEngine\Release\link-rc.write.1.tlog
H:\PortableApps\Documents\Git\LuaEngine\Release\link.command.1.tlog
H:\PortableApps\Documents\Git\LuaEngine\Release\link.read.1.tlog
H:\PortableApps\Documents\Git\LuaEngine\Release\link.write.1.tlog
H:\PortableApps\Documents\Git\LuaEngine\Release\LuaEngine.pdb
H:\PortableApps\Documents\Git\LuaEngine\Release\vc110.pdb
H:\PortableApps\Documents\Git\LuaEngine\Release\LuaEngine.exe
